--- Trial 378 Params ---
{
  "RAINFOREST_RESIN": {
    "anchor_value": 10000,
    "use_ema": true,
    "ema_alpha": 0.14432263025655984,
    "take_width": 1.5,
    "clear_width": 0.75,
    "disregard_edge": 2,
    "join_edge": 2,
    "default_edge": 3,
    "skew_factor": 0.04068811994099985,
    "soft_limit_ratio": 0.5175163146765975
  },
  "KELP": {
    "use_ema": true,
    "ema_alpha": 0.15671561407781845,
    "reversion_beta": 0.06000000000000005,
    "take_width": 0.5,
    "clear_width": -0.75,
    "prevent_adverse": false,
    "adverse_volume": 20,
    "disregard_edge": 0,
    "join_edge": 0,
    "default_edge": 1,
    "skew_factor": 0.07576010524756781,
    "soft_limit_ratio": 0.5063861056647483
  }
}

--- STDOUT ---
Backtesting /private/var/folders/5c/g6_x70k50j921j8vv8hk7mn80000gn/T/optuna_trial_378_eop8nqi7/trader.py on round 0 day -2
KELP: 1,247
RAINFOREST_RESIN: 2,145
Total profit: 3,392


--- STDERR ---

  0%|          | 0/2000 [00:00<?, ?it/s]
100%|##########| 2000/2000 [00:00<00:00, 23236.37it/s]
