--- Trial 313 Params ---
{
  "RAINFOREST_RESIN": {
    "anchor_value": 10000,
    "use_ema": true,
    "ema_alpha": 0.1425849314319762,
    "take_width": 1.5,
    "clear_width": 0.75,
    "disregard_edge": 2,
    "join_edge": 2,
    "default_edge": 3,
    "skew_factor": 0.04131823048766063,
    "soft_limit_ratio": 0.5161868608430039
  },
  "KELP": {
    "use_ema": true,
    "ema_alpha": 0.16615620316772045,
    "reversion_beta": 0.020000000000000018,
    "take_width": 0.5,
    "clear_width": -0.75,
    "prevent_adverse": false,
    "adverse_volume": 20,
    "disregard_edge": 0,
    "join_edge": 0,
    "default_edge": 1,
    "skew_factor": 0.06367214069445967,
    "soft_limit_ratio": 0.5198161866933477
  }
}

--- STDOUT ---
Backtesting /private/var/folders/5c/g6_x70k50j921j8vv8hk7mn80000gn/T/optuna_trial_313_o3cpgaa0/trader.py on round 0 day -2
KELP: 1,247
RAINFOREST_RESIN: 2,145
Total profit: 3,392


--- STDERR ---

  0%|          | 0/2000 [00:00<?, ?it/s]
100%|##########| 2000/2000 [00:00<00:00, 23366.47it/s]
