--- Trial 384 Params ---
{
  "RAINFOREST_RESIN": {
    "anchor_value": 10000,
    "use_ema": true,
    "ema_alpha": 0.12376648633206794,
    "take_width": 1.5,
    "clear_width": 0.75,
    "disregard_edge": 2,
    "join_edge": 2,
    "default_edge": 3,
    "skew_factor": 0.04415938199956767,
    "soft_limit_ratio": 0.5316994788985614
  },
  "KELP": {
    "use_ema": true,
    "ema_alpha": 0.16633905031129873,
    "reversion_beta": 0.06000000000000005,
    "take_width": 0.5,
    "clear_width": -0.5,
    "prevent_adverse": false,
    "adverse_volume": 20,
    "disregard_edge": 0,
    "join_edge": 0,
    "default_edge": 1,
    "skew_factor": 0.06436637821387409,
    "soft_limit_ratio": 0.4980020546987625
  }
}

--- STDOUT ---
Backtesting /private/var/folders/5c/g6_x70k50j921j8vv8hk7mn80000gn/T/optuna_trial_384_xvtbrzqm/trader.py on round 0 day -2
KELP: 1,247
RAINFOREST_RESIN: 2,145
Total profit: 3,392


--- STDERR ---

  0%|          | 0/2000 [00:00<?, ?it/s]
100%|##########| 2000/2000 [00:00<00:00, 22925.83it/s]
