--- Trial 448 Params ---
{
  "RAINFOREST_RESIN": {
    "anchor_value": 10000,
    "use_ema": true,
    "ema_alpha": 0.145779657633241,
    "take_width": 1.5,
    "clear_width": 0.75,
    "disregard_edge": 2,
    "join_edge": 2,
    "default_edge": 3,
    "skew_factor": 0.04910144151444415,
    "soft_limit_ratio": 0.5511779095870782
  },
  "KELP": {
    "use_ema": true,
    "ema_alpha": 0.15979894243198006,
    "reversion_beta": 0.0,
    "take_width": 0.5,
    "clear_width": -0.5,
    "prevent_adverse": false,
    "adverse_volume": 19,
    "disregard_edge": 0,
    "join_edge": 0,
    "default_edge": 1,
    "skew_factor": 0.07147268439528855,
    "soft_limit_ratio": 0.5102154902146316
  }
}

--- STDOUT ---
Warning: no data found for round 1
Error: did not find data for any requested round/day


--- STDERR ---
