--- Trial 380 Params ---
{
  "RAINFOREST_RESIN": {
    "anchor_value": 10000,
    "use_ema": true,
    "ema_alpha": 0.13589463188418952,
    "take_width": 1.5,
    "clear_width": 0.75,
    "disregard_edge": 2,
    "join_edge": 2,
    "default_edge": 3,
    "skew_factor": 0.04769523998356146,
    "soft_limit_ratio": 0.5250152225119107
  },
  "KELP": {
    "use_ema": true,
    "ema_alpha": 0.14590634315712245,
    "reversion_beta": 0.040000000000000036,
    "take_width": 0.5,
    "clear_width": -0.5,
    "prevent_adverse": false,
    "adverse_volume": 20,
    "disregard_edge": 0,
    "join_edge": 0,
    "default_edge": 1,
    "skew_factor": 0.08246589484627524,
    "soft_limit_ratio": 0.4995320635182777
  }
}

--- STDOUT ---
Backtesting /private/var/folders/5c/g6_x70k50j921j8vv8hk7mn80000gn/T/optuna_trial_380_kqv1g60f/trader.py on round 0 day -2
KELP: 1,247
RAINFOREST_RESIN: 2,145
Total profit: 3,392


--- STDERR ---

  0%|          | 0/2000 [00:00<?, ?it/s]
100%|##########| 2000/2000 [00:00<00:00, 22210.12it/s]
