--- Trial 336 Params ---
{
  "RAINFOREST_RESIN": {
    "anchor_value": 10000,
    "use_ema": true,
    "ema_alpha": 0.12993086643382887,
    "take_width": 1.5,
    "clear_width": 0.75,
    "disregard_edge": 2,
    "join_edge": 2,
    "default_edge": 3,
    "skew_factor": 0.04249506357760131,
    "soft_limit_ratio": 0.5423348065296186
  },
  "KELP": {
    "use_ema": true,
    "ema_alpha": 0.16970102099114368,
    "reversion_beta": 0.06000000000000005,
    "take_width": 0.5,
    "clear_width": -0.75,
    "prevent_adverse": false,
    "adverse_volume": 20,
    "disregard_edge": 0,
    "join_edge": 0,
    "default_edge": 1,
    "skew_factor": 0.06329636055166651,
    "soft_limit_ratio": 0.4870704513819016
  }
}

--- STDOUT ---
Backtesting /private/var/folders/5c/g6_x70k50j921j8vv8hk7mn80000gn/T/optuna_trial_336_vhrwba0m/trader.py on round 0 day -2
KELP: 1,247
RAINFOREST_RESIN: 2,145
Total profit: 3,392


--- STDERR ---

  0%|          | 0/2000 [00:00<?, ?it/s]
100%|##########| 2000/2000 [00:00<00:00, 23117.14it/s]
