--- Trial 452 Params ---
{
  "RAINFOREST_RESIN": {
    "anchor_value": 10000,
    "use_ema": true,
    "ema_alpha": 0.1504287812874312,
    "take_width": 1.5,
    "clear_width": 0.75,
    "disregard_edge": 2,
    "join_edge": 2,
    "default_edge": 3,
    "skew_factor": 0.04412822528769781,
    "soft_limit_ratio": 0.542747583416019
  },
  "KELP": {
    "use_ema": true,
    "ema_alpha": 0.18360982350743182,
    "reversion_beta": 0.020000000000000018,
    "take_width": 0.5,
    "clear_width": -0.5,
    "prevent_adverse": false,
    "adverse_volume": 20,
    "disregard_edge": 0,
    "join_edge": 0,
    "default_edge": 1,
    "skew_factor": 0.07264536534634249,
    "soft_limit_ratio": 0.49593530224909876
  }
}

--- STDOUT ---
Warning: no data found for round 1
Error: did not find data for any requested round/day


--- STDERR ---
