--- Trial 357 Params ---
{
  "RAINFOREST_RESIN": {
    "anchor_value": 10000,
    "use_ema": true,
    "ema_alpha": 0.14655006842037818,
    "take_width": 1.5,
    "clear_width": 0.75,
    "disregard_edge": 2,
    "join_edge": 2,
    "default_edge": 3,
    "skew_factor": 0.042507641047910875,
    "soft_limit_ratio": 0.5313532377815715
  },
  "KELP": {
    "use_ema": true,
    "ema_alpha": 0.13685639466530702,
    "reversion_beta": 0.020000000000000018,
    "take_width": 0.5,
    "clear_width": -0.5,
    "prevent_adverse": false,
    "adverse_volume": 20,
    "disregard_edge": 0,
    "join_edge": 0,
    "default_edge": 1,
    "skew_factor": 0.07318180027354142,
    "soft_limit_ratio": 0.5113950107054601
  }
}

--- STDOUT ---
Backtesting /private/var/folders/5c/g6_x70k50j921j8vv8hk7mn80000gn/T/optuna_trial_357_pis0lx6t/trader.py on round 0 day -2
KELP: 1,247
RAINFOREST_RESIN: 2,145
Total profit: 3,392


--- STDERR ---

  0%|          | 0/2000 [00:00<?, ?it/s]
 94%|#########3| 1872/2000 [00:00<00:00, 18717.97it/s]
100%|##########| 2000/2000 [00:00<00:00, 18848.01it/s]
