--- Trial 453 Params ---
{
  "RAINFOREST_RESIN": {
    "anchor_value": 10000,
    "use_ema": true,
    "ema_alpha": 0.14634184850991738,
    "take_width": 1.5,
    "clear_width": 0.75,
    "disregard_edge": 2,
    "join_edge": 2,
    "default_edge": 3,
    "skew_factor": 0.0473069576475779,
    "soft_limit_ratio": 0.5210820525559703
  },
  "KELP": {
    "use_ema": true,
    "ema_alpha": 0.1698326016598803,
    "reversion_beta": -0.039999999999999925,
    "take_width": 0.5,
    "clear_width": -0.5,
    "prevent_adverse": false,
    "adverse_volume": 20,
    "disregard_edge": 0,
    "join_edge": 0,
    "default_edge": 1,
    "skew_factor": 0.06567490525815407,
    "soft_limit_ratio": 0.5058664361338643
  }
}

--- STDOUT ---
Warning: no data found for round 1
Error: did not find data for any requested round/day


--- STDERR ---
