--- Trial 454 Params ---
{
  "RAINFOREST_RESIN": {
    "anchor_value": 10000,
    "use_ema": true,
    "ema_alpha": 0.13970736957505894,
    "take_width": 1.5,
    "clear_width": 0.75,
    "disregard_edge": 2,
    "join_edge": 2,
    "default_edge": 3,
    "skew_factor": 0.04264911089207378,
    "soft_limit_ratio": 0.5346111816620266
  },
  "KELP": {
    "use_ema": true,
    "ema_alpha": 0.15763925061411557,
    "reversion_beta": 0.040000000000000036,
    "take_width": 0.5,
    "clear_width": -0.5,
    "prevent_adverse": false,
    "adverse_volume": 21,
    "disregard_edge": 0,
    "join_edge": 0,
    "default_edge": 1,
    "skew_factor": 0.06921471783507518,
    "soft_limit_ratio": 0.4925039220622498
  }
}

--- STDOUT ---
Warning: no data found for round 1
Error: did not find data for any requested round/day


--- STDERR ---
