--- Trial 444 Params ---
{
  "RAINFOREST_RESIN": {
    "anchor_value": 10000,
    "use_ema": true,
    "ema_alpha": 0.1607908252768414,
    "take_width": 1.5,
    "clear_width": 0.75,
    "disregard_edge": 2,
    "join_edge": 2,
    "default_edge": 3,
    "skew_factor": 0.047417333108400066,
    "soft_limit_ratio": 0.5438267990011718
  },
  "KELP": {
    "use_ema": true,
    "ema_alpha": 0.14323806821220916,
    "reversion_beta": 0.040000000000000036,
    "take_width": 0.5,
    "clear_width": -0.25,
    "prevent_adverse": false,
    "adverse_volume": 21,
    "disregard_edge": 0,
    "join_edge": 0,
    "default_edge": 1,
    "skew_factor": 0.07398808843400621,
    "soft_limit_ratio": 0.5342146718426931
  }
}

--- STDOUT ---
Warning: no data found for round 1
Error: did not find data for any requested round/day


--- STDERR ---
