--- Trial 315 Params ---
{
  "RAINFOREST_RESIN": {
    "anchor_value": 10000,
    "use_ema": true,
    "ema_alpha": 0.13000007475663414,
    "take_width": 1.5,
    "clear_width": 0.75,
    "disregard_edge": 2,
    "join_edge": 2,
    "default_edge": 3,
    "skew_factor": 0.04319300859518111,
    "soft_limit_ratio": 0.5451631870896481
  },
  "KELP": {
    "use_ema": true,
    "ema_alpha": 0.14469672315508186,
    "reversion_beta": 0.06000000000000005,
    "take_width": 0.5,
    "clear_width": -0.5,
    "prevent_adverse": false,
    "adverse_volume": 20,
    "disregard_edge": 0,
    "join_edge": 0,
    "default_edge": 1,
    "skew_factor": 0.07070288221343626,
    "soft_limit_ratio": 0.48398918749552705
  }
}

--- STDOUT ---
Backtesting /private/var/folders/5c/g6_x70k50j921j8vv8hk7mn80000gn/T/optuna_trial_315_7389f90x/trader.py on round 0 day -2
KELP: 1,247
RAINFOREST_RESIN: 2,145
Total profit: 3,392


--- STDERR ---

  0%|          | 0/2000 [00:00<?, ?it/s]
100%|##########| 2000/2000 [00:00<00:00, 21780.39it/s]
