--- Trial 456 Params ---
{
  "RAINFOREST_RESIN": {
    "anchor_value": 10000,
    "use_ema": true,
    "ema_alpha": 0.15122852642563847,
    "take_width": 1.5,
    "clear_width": 0.75,
    "disregard_edge": 2,
    "join_edge": 2,
    "default_edge": 3,
    "skew_factor": 0.04784150565764247,
    "soft_limit_ratio": 0.5304961663642785
  },
  "KELP": {
    "use_ema": true,
    "ema_alpha": 0.16480365558277316,
    "reversion_beta": -0.020000000000000018,
    "take_width": 0.5,
    "clear_width": -0.25,
    "prevent_adverse": false,
    "adverse_volume": 20,
    "disregard_edge": 0,
    "join_edge": 0,
    "default_edge": 1,
    "skew_factor": 0.08223216709043608,
    "soft_limit_ratio": 0.5138270787334296
  }
}

--- STDOUT ---
Warning: no data found for round 1
Error: did not find data for any requested round/day


--- STDERR ---
