--- Trial 441 Params ---
{
  "RAINFOREST_RESIN": {
    "anchor_value": 10000,
    "use_ema": true,
    "ema_alpha": 0.1536885639078559,
    "take_width": 1.5,
    "clear_width": 0.75,
    "disregard_edge": 2,
    "join_edge": 2,
    "default_edge": 3,
    "skew_factor": 0.04577143854463659,
    "soft_limit_ratio": 0.5532126269305333
  },
  "KELP": {
    "use_ema": true,
    "ema_alpha": 0.16259589959409207,
    "reversion_beta": 0.020000000000000018,
    "take_width": 0.5,
    "clear_width": -0.5,
    "prevent_adverse": false,
    "adverse_volume": 21,
    "disregard_edge": 0,
    "join_edge": 0,
    "default_edge": 1,
    "skew_factor": 0.07496105162560025,
    "soft_limit_ratio": 0.49442936848537233
  }
}

--- STDOUT ---
Warning: no data found for round 1
Error: did not find data for any requested round/day


--- STDERR ---
