--- Trial 440 Params ---
{
  "RAINFOREST_RESIN": {
    "anchor_value": 10000,
    "use_ema": true,
    "ema_alpha": 0.13243559952598172,
    "take_width": 1.5,
    "clear_width": 0.75,
    "disregard_edge": 2,
    "join_edge": 2,
    "default_edge": 3,
    "skew_factor": 0.049011703081442384,
    "soft_limit_ratio": 0.5419519303453183
  },
  "KELP": {
    "use_ema": true,
    "ema_alpha": 0.1547042952095022,
    "reversion_beta": 0.06000000000000005,
    "take_width": 0.5,
    "clear_width": -0.5,
    "prevent_adverse": false,
    "adverse_volume": 20,
    "disregard_edge": 0,
    "join_edge": 0,
    "default_edge": 1,
    "skew_factor": 0.07109751893893453,
    "soft_limit_ratio": 0.5119964464398377
  }
}

--- STDOUT ---
Warning: no data found for round 1
Error: did not find data for any requested round/day


--- STDERR ---
