--- Trial 451 Params ---
{
  "RAINFOREST_RESIN": {
    "anchor_value": 10000,
    "use_ema": true,
    "ema_alpha": 0.14143512642608186,
    "take_width": 1.5,
    "clear_width": 0.75,
    "disregard_edge": 2,
    "join_edge": 2,
    "default_edge": 3,
    "skew_factor": 0.03847339825618815,
    "soft_limit_ratio": 0.5627997264215658
  },
  "KELP": {
    "use_ema": true,
    "ema_alpha": 0.13911881289992195,
    "reversion_beta": 0.0,
    "take_width": 0.5,
    "clear_width": -0.75,
    "prevent_adverse": false,
    "adverse_volume": 20,
    "disregard_edge": 0,
    "join_edge": 0,
    "default_edge": 1,
    "skew_factor": 0.07757246969092041,
    "soft_limit_ratio": 0.5152347274406556
  }
}

--- STDOUT ---
Warning: no data found for round 1
Error: did not find data for any requested round/day


--- STDERR ---
